https://bpjs-kesehatan.go.id
https://bpjs-kesehatan.go.id#/
https://bpjs-kesehatan.go.id#/berita#tab-1
https://bpjs-kesehatan.go.id#/berita#tab-2
https://bpjs-kesehatan.go.id#/informasi-publik-diumumkan-secara-berkala
https://bpjs-kesehatan.go.id#/informasi-publik-diumumkan-secara-berkala?tab=tender
https://bpjs-kesehatan.go.id#/informasi-publik-diumumkan-serta-merta
https://bpjs-kesehatan.go.id#/informasi-publik-good-governance
https://bpjs-kesehatan.go.id#/informasi-publik-tersedia-setiap-saat
https://bpjs-kesehatan.go.id#/informasi-publik-tersedia-setiap-saat?tab=majalah
https://bpjs-kesehatan.go.id#/informasi-publik-tersedia-setiap-saat?tab=siaran-pers
https://bpjs-kesehatan.go.id#/informasi-publik-tersedia-setiap-saat?tab=umum
https://bpjs-kesehatan.go.id#/informasi-publik-yang-dikecualikan
https://bpjs-kesehatan.go.id#/jaminan
https://bpjs-kesehatan.go.id#/jaminan-kesehatan-iuran
https://bpjs-kesehatan.go.id#/jaminan-kesehatan-manfaat
https://bpjs-kesehatan.go.id#/jaminan-kesehatan-peserta
https://bpjs-kesehatan.go.id#/jaminan-kesehatan-prosedur-pendaftaran
https://bpjs-kesehatan.go.id#/kontak
https://bpjs-kesehatan.go.id#/layanan
https://bpjs-kesehatan.go.id#/layanan-alamat-bpjs-kesehatan
https://bpjs-kesehatan.go.id#/layanan-autodebit
https://bpjs-kesehatan.go.id#/layanan-program-pesiar
https://bpjs-kesehatan.go.id#/layanan-program-rehab
https://bpjs-kesehatan.go.id#/media
https://bpjs-kesehatan.go.id#/news
https://bpjs-kesehatan.go.id#/news#tab-0
https://bpjs-kesehatan.go.id#/profil
https://bpjs-kesehatan.go.id/
https://bpjs-kesehatan.go.id/#/
https://bpjs-kesehatan.go.id/#/berita#tab-1
https://bpjs-kesehatan.go.id/#/berita#tab-2
https://bpjs-kesehatan.go.id/#/faq
https://bpjs-kesehatan.go.id/#/gpr
https://bpjs-kesehatan.go.id/#/informasi-publik-diumumkan-secara-berkala
https://bpjs-kesehatan.go.id/#/informasi-publik-diumumkan-secara-berkala?tab=tender
https://bpjs-kesehatan.go.id/#/informasi-publik-diumumkan-serta-merta
https://bpjs-kesehatan.go.id/#/informasi-publik-good-governance
https://bpjs-kesehatan.go.id/#/informasi-publik-tersedia-setiap-saat
https://bpjs-kesehatan.go.id/#/informasi-publik-tersedia-setiap-saat?tab=majalah
https://bpjs-kesehatan.go.id/#/informasi-publik-tersedia-setiap-saat?tab=siaran-pers
https://bpjs-kesehatan.go.id/#/informasi-publik-tersedia-setiap-saat?tab=umum
https://bpjs-kesehatan.go.id/#/informasi-publik-yang-dikecualikan
https://bpjs-kesehatan.go.id/#/jaminan-kesehatan-iuran
https://bpjs-kesehatan.go.id/#/jaminan-kesehatan-manfaat
https://bpjs-kesehatan.go.id/#/jaminan-kesehatan-peserta
https://bpjs-kesehatan.go.id/#/jaminan-kesehatan-prosedur-pendaftaran
https://bpjs-kesehatan.go.id/#/kontak
https://bpjs-kesehatan.go.id/#/layanan-alamat-bpjs-kesehatan
https://bpjs-kesehatan.go.id/#/layanan-autodebit
https://bpjs-kesehatan.go.id/#/layanan-program-pesiar
https://bpjs-kesehatan.go.id/#/layanan-program-rehab
https://bpjs-kesehatan.go.id/#/media
https://bpjs-kesehatan.go.id/#/news
https://bpjs-kesehatan.go.id/#/news#tab-0
https://bpjs-kesehatan.go.id/#/profil
https://bpjs-kesehatan.go.id/bpjs
https://bpjs-kesehatan.go.id/bpjs/arsip/categories/Ng/undang-undang
https://bpjs-kesehatan.go.id/bpjs/pages/detail/2010/2
https://bpjs-kesehatan.go.id/bpjs/pages/detail/2013/4
https://bpjs-kesehatan.go.id/bpjs/pages/detail/2014/16
https://bpjs-kesehatan.go.id/bpjs/post/categories/MjI/berita
https://bpjs-kesehatan.go.id/user-manual-mobile-jkn
https://bpjs-kesehatan.go.id/user-manual-mobile-jkn/administrasi%20JKN.html
https://bpjs-kesehatan.go.id/user-manual-mobile-jkn/akun-mobile-jkn.html
https://bpjs-kesehatan.go.id/user-manual-mobile-jkn/index.html
https://bpjs-kesehatan.go.id/user-manual-mobile-jkn/iuran%20kepesertaan.html
https://bpjs-kesehatan.go.id/user-manual-mobile-jkn/lain-lain.html
https://bpjs-kesehatan.go.id/user-manual-mobile-jkn/mobilejkn/alamatsurat.html
https://bpjs-kesehatan.go.id/user-manual-mobile-jkn/mobilejkn/antreanfkrtl.html
https://bpjs-kesehatan.go.id/user-manual-mobile-jkn/mobilejkn/antreanfktp.html
https://bpjs-kesehatan.go.id/user-manual-mobile-jkn/mobilejkn/autodebet.html
https://bpjs-kesehatan.go.id/user-manual-mobile-jkn/mobilejkn/biometrik.html
https://bpjs-kesehatan.go.id/user-manual-mobile-jkn/mobilejkn/cekstatusinfopeserta.html
https://bpjs-kesehatan.go.id/user-manual-mobile-jkn/mobilejkn/faq.html
https://bpjs-kesehatan.go.id/user-manual-mobile-jkn/mobilejkn/index.html
https://bpjs-kesehatan.go.id/user-manual-mobile-jkn/mobilejkn/kalkulatorkesehatan.html
https://bpjs-kesehatan.go.id/user-manual-mobile-jkn/mobilejkn/konsultasidokter.html
https://bpjs-kesehatan.go.id/user-manual-mobile-jkn/mobilejkn/lupapassword.html
https://bpjs-kesehatan.go.id/user-manual-mobile-jkn/mobilejkn/melihatinformasijkn.html
https://bpjs-kesehatan.go.id/user-manual-mobile-jkn/mobilejkn/melihatiuran.html
https://bpjs-kesehatan.go.id/user-manual-mobile-jkn/mobilejkn/melihatjadwaloperasi.html
https://bpjs-kesehatan.go.id/user-manual-mobile-jkn/mobilejkn/melihatlokasifaskes.html
https://bpjs-kesehatan.go.id/user-manual-mobile-jkn/mobilejkn/melihatriwayat.html
https://bpjs-kesehatan.go.id/user-manual-mobile-jkn/mobilejkn/melihatvirtual.html
https://bpjs-kesehatan.go.id/user-manual-mobile-jkn/mobilejkn/menambahanggota.html
https://bpjs-kesehatan.go.id/user-manual-mobile-jkn/mobilejkn/menampilkanmengirimkis.html
https://bpjs-kesehatan.go.id/user-manual-mobile-jkn/mobilejkn/mencaritempattidur.html
https://bpjs-kesehatan.go.id/user-manual-mobile-jkn/mobilejkn/mendaftarkanpeserta.html
https://bpjs-kesehatan.go.id/user-manual-mobile-jkn/mobilejkn/mendaftarrehab.html
https://bpjs-kesehatan.go.id/user-manual-mobile-jkn/mobilejkn/mengubahemail.html
https://bpjs-kesehatan.go.id/user-manual-mobile-jkn/mobilejkn/mengubahfaskes.html
https://bpjs-kesehatan.go.id/user-manual-mobile-jkn/mobilejkn/mengubahkelasrawat.html
https://bpjs-kesehatan.go.id/user-manual-mobile-jkn/mobilejkn/mengubahnikdannama.html
https://bpjs-kesehatan.go.id/user-manual-mobile-jkn/mobilejkn/mengubahnotelp.html
https://bpjs-kesehatan.go.id/user-manual-mobile-jkn/mobilejkn/mengubahsegmen.html
https://bpjs-kesehatan.go.id/user-manual-mobile-jkn/mobilejkn/menyimpanusername.html
https://bpjs-kesehatan.go.id/user-manual-mobile-jkn/mobilejkn/notifikasi.html
https://bpjs-kesehatan.go.id/user-manual-mobile-jkn/mobilejkn/pendaftaranlogin.html
https://bpjs-kesehatan.go.id/user-manual-mobile-jkn/mobilejkn/pengaduanpelayanan.html
https://bpjs-kesehatan.go.id/user-manual-mobile-jkn/mobilejkn/pindahkanalautodebet.html
https://bpjs-kesehatan.go.id/user-manual-mobile-jkn/mobilejkn/skriningkesehatan.html
https://bpjs-kesehatan.go.id/user-manual-mobile-jkn/mobilejkn/ubahpassword.html
https://bpjs-kesehatan.go.id/user-manual-mobile-jkn/mobilejkn/ubahpin.html
https://bpjs-kesehatan.go.id/user-manual-mobile-jkn/pelayanan%20jkn.html
https://bpjs-kesehatan.go.id/user-manual-mobile-jkn/video_mjkn.html
https://e-ppid.bpjs-kesehatan.go.id/eppid
https://faskes.bpjs-kesehatan.go.id/aplicares
https://faskes.bpjs-kesehatan.go.id/aplicares#/app/peta
https://hfis.bpjs-kesehatan.go.id/hfis
https://hfis.bpjs-kesehatan.go.id/hfis#service
https://hfis.bpjs-kesehatan.go.id/hfis/MonitoringPendaftaran/dataFaskesTerdaftar
https://hfis.bpjs-kesehatan.go.id/hfis/Preassesment/DashboardFaskes
https://hfis.bpjs-kesehatan.go.id/hfis/Preassesment/DashboardPenapisanMaps/fkrtl
https://hfis.bpjs-kesehatan.go.id/hfis/Preassesment/DashboardPenapisanMaps/fktp
https://hfis.bpjs-kesehatan.go.id/hfis/Preassesment/PenapisanMandiri
https://hfis.bpjs-kesehatan.go.id/hfis/Preassesment/PreassesmentFKRTL
https://hfis.bpjs-kesehatan.go.id/hfis/Preassesment/PreassesmentFKTP
https://hfis.bpjs-kesehatan.go.id/hfis/login
https://hfis.bpjs-kesehatan.go.id/hfis/login/lupapassword
https://hfis.bpjs-kesehatan.go.id/hfis/login/lupapasswordcalonfaskes
https://jurnal-jkn.bpjs-kesehatan.go.id/index.php/index
https://jurnal-jkn.bpjs-kesehatan.go.id/index.php/index#current_issue
https://jurnal-jkn.bpjs-kesehatan.go.id/index.php/index#main-content
https://jurnal-jkn.bpjs-kesehatan.go.id/index.php/index#main-navigation
https://jurnal-jkn.bpjs-kesehatan.go.id/index.php/index#previous_issue
https://jurnal-jkn.bpjs-kesehatan.go.id/index.php/index#sidebar
https://jurnal-jkn.bpjs-kesehatan.go.id/index.php/jjkn
https://jurnal-jkn.bpjs-kesehatan.go.id/index.php/jjkn#current_issue
https://jurnal-jkn.bpjs-kesehatan.go.id/index.php/jjkn#main-content
https://jurnal-jkn.bpjs-kesehatan.go.id/index.php/jjkn#main-navigation
https://jurnal-jkn.bpjs-kesehatan.go.id/index.php/jjkn#previous_issue
https://jurnal-jkn.bpjs-kesehatan.go.id/index.php/jjkn#sidebar
https://jurnal-jkn.bpjs-kesehatan.go.id/index.php/jjkn/Ethics
https://jurnal-jkn.bpjs-kesehatan.go.id/index.php/jjkn/Ethics#main-content
https://jurnal-jkn.bpjs-kesehatan.go.id/index.php/jjkn/Ethics#main-navigation
https://jurnal-jkn.bpjs-kesehatan.go.id/index.php/jjkn/Ethics#sidebar
https://jurnal-jkn.bpjs-kesehatan.go.id/index.php/jjkn/about
https://jurnal-jkn.bpjs-kesehatan.go.id/index.php/jjkn/about#main-content
https://jurnal-jkn.bpjs-kesehatan.go.id/index.php/jjkn/about#main-navigation
https://jurnal-jkn.bpjs-kesehatan.go.id/index.php/jjkn/about#sidebar
https://jurnal-jkn.bpjs-kesehatan.go.id/index.php/jjkn/about/contact
https://jurnal-jkn.bpjs-kesehatan.go.id/index.php/jjkn/about/contact#main-content
https://jurnal-jkn.bpjs-kesehatan.go.id/index.php/jjkn/about/contact#main-navigation
https://jurnal-jkn.bpjs-kesehatan.go.id/index.php/jjkn/about/contact#sidebar
https://jurnal-jkn.bpjs-kesehatan.go.id/index.php/jjkn/about/editorialTeam
https://jurnal-jkn.bpjs-kesehatan.go.id/index.php/jjkn/about/editorialTeam#main-content
https://jurnal-jkn.bpjs-kesehatan.go.id/index.php/jjkn/about/editorialTeam#main-navigation
https://jurnal-jkn.bpjs-kesehatan.go.id/index.php/jjkn/about/editorialTeam#sidebar
https://jurnal-jkn.bpjs-kesehatan.go.id/index.php/jjkn/about/privacy
https://jurnal-jkn.bpjs-kesehatan.go.id/index.php/jjkn/about/submissions
https://jurnal-jkn.bpjs-kesehatan.go.id/index.php/jjkn/about/submissions#main-content
https://jurnal-jkn.bpjs-kesehatan.go.id/index.php/jjkn/about/submissions#main-navigation
https://jurnal-jkn.bpjs-kesehatan.go.id/index.php/jjkn/about/submissions#sidebar
https://jurnal-jkn.bpjs-kesehatan.go.id/index.php/jjkn/adv
https://jurnal-jkn.bpjs-kesehatan.go.id/index.php/jjkn/adv#main-content
https://jurnal-jkn.bpjs-kesehatan.go.id/index.php/jjkn/adv#main-navigation
https://jurnal-jkn.bpjs-kesehatan.go.id/index.php/jjkn/adv#sidebar
https://jurnal-jkn.bpjs-kesehatan.go.id/index.php/jjkn/announcement
https://jurnal-jkn.bpjs-kesehatan.go.id/index.php/jjkn/announcement#main-content
https://jurnal-jkn.bpjs-kesehatan.go.id/index.php/jjkn/announcement#main-navigation
https://jurnal-jkn.bpjs-kesehatan.go.id/index.php/jjkn/announcement#sidebar
https://jurnal-jkn.bpjs-kesehatan.go.id/index.php/jjkn/article/download/142/101/1871
https://jurnal-jkn.bpjs-kesehatan.go.id/index.php/jjkn/article/download/180/106/1894
https://jurnal-jkn.bpjs-kesehatan.go.id/index.php/jjkn/article/download/182/102/1889
https://jurnal-jkn.bpjs-kesehatan.go.id/index.php/jjkn/article/download/182/102/1889#myCarousel
https://jurnal-jkn.bpjs-kesehatan.go.id/index.php/jjkn/article/download/186/104/1875
https://jurnal-jkn.bpjs-kesehatan.go.id/index.php/jjkn/article/download/188/105/1876
https://jurnal-jkn.bpjs-kesehatan.go.id/index.php/jjkn/article/download/188/105/1876#current_issue
https://jurnal-jkn.bpjs-kesehatan.go.id/index.php/jjkn/article/download/188/105/1876#main-content
https://jurnal-jkn.bpjs-kesehatan.go.id/index.php/jjkn/article/download/188/105/1876#main-navigation
https://jurnal-jkn.bpjs-kesehatan.go.id/index.php/jjkn/article/download/188/105/1876#previous_issue
https://jurnal-jkn.bpjs-kesehatan.go.id/index.php/jjkn/article/download/188/105/1876#sidebar
https://jurnal-jkn.bpjs-kesehatan.go.id/index.php/jjkn/article/download/190/103/1874
https://jurnal-jkn.bpjs-kesehatan.go.id/index.php/jjkn/article/download/192/107/1901
https://jurnal-jkn.bpjs-kesehatan.go.id/index.php/jjkn/article/download/197/116/2258
https://jurnal-jkn.bpjs-kesehatan.go.id/index.php/jjkn/article/download/199/110/2257
https://jurnal-jkn.bpjs-kesehatan.go.id/index.php/jjkn/article/download/206/111/2256
https://jurnal-jkn.bpjs-kesehatan.go.id/index.php/jjkn/article/download/207/121/2290
https://jurnal-jkn.bpjs-kesehatan.go.id/index.php/jjkn/article/download/210/120/2284
https://jurnal-jkn.bpjs-kesehatan.go.id/index.php/jjkn/article/download/217/112/2255
https://jurnal-jkn.bpjs-kesehatan.go.id/index.php/jjkn/article/download/227/117/2254
https://jurnal-jkn.bpjs-kesehatan.go.id/index.php/jjkn/article/download/245/113/2253
https://jurnal-jkn.bpjs-kesehatan.go.id/index.php/jjkn/article/download/251/122/2296
https://jurnal-jkn.bpjs-kesehatan.go.id/index.php/jjkn/article/download/258/114/2252
https://jurnal-jkn.bpjs-kesehatan.go.id/index.php/jjkn/article/download/269/115/2251
https://jurnal-jkn.bpjs-kesehatan.go.id/index.php/jjkn/article/download/278/108/2297
https://jurnal-jkn.bpjs-kesehatan.go.id/index.php/jjkn/article/download/278/108/2297#main-content
https://jurnal-jkn.bpjs-kesehatan.go.id/index.php/jjkn/article/download/278/108/2297#main-navigation
https://jurnal-jkn.bpjs-kesehatan.go.id/index.php/jjkn/article/download/278/108/2297#sidebar
https://jurnal-jkn.bpjs-kesehatan.go.id/index.php/jjkn/article/download/279/119/2279
https://jurnal-jkn.bpjs-kesehatan.go.id/index.php/jjkn/article/download/286/118/2269
https://jurnal-jkn.bpjs-kesehatan.go.id/index.php/jjkn/article/view/103
https://jurnal-jkn.bpjs-kesehatan.go.id/index.php/jjkn/article/view/103/34
https://jurnal-jkn.bpjs-kesehatan.go.id/index.php/jjkn/article/view/108
https://jurnal-jkn.bpjs-kesehatan.go.id/index.php/jjkn/article/view/108/37
https://jurnal-jkn.bpjs-kesehatan.go.id/index.php/jjkn/article/view/109
https://jurnal-jkn.bpjs-kesehatan.go.id/index.php/jjkn/article/view/109/42
https://jurnal-jkn.bpjs-kesehatan.go.id/index.php/jjkn/article/view/111
https://jurnal-jkn.bpjs-kesehatan.go.id/index.php/jjkn/article/view/111/38
https://jurnal-jkn.bpjs-kesehatan.go.id/index.php/jjkn/article/view/13
https://jurnal-jkn.bpjs-kesehatan.go.id/index.php/jjkn/article/view/14
https://jurnal-jkn.bpjs-kesehatan.go.id/index.php/jjkn/article/view/142
https://jurnal-jkn.bpjs-kesehatan.go.id/index.php/jjkn/article/view/142#main-content
https://jurnal-jkn.bpjs-kesehatan.go.id/index.php/jjkn/article/view/142#main-navigation
https://jurnal-jkn.bpjs-kesehatan.go.id/index.php/jjkn/article/view/142#sidebar
https://jurnal-jkn.bpjs-kesehatan.go.id/index.php/jjkn/article/view/142/101
https://jurnal-jkn.bpjs-kesehatan.go.id/index.php/jjkn/article/view/15
https://jurnal-jkn.bpjs-kesehatan.go.id/index.php/jjkn/article/view/180
https://jurnal-jkn.bpjs-kesehatan.go.id/index.php/jjkn/article/view/180#main-content
https://jurnal-jkn.bpjs-kesehatan.go.id/index.php/jjkn/article/view/180#main-navigation
https://jurnal-jkn.bpjs-kesehatan.go.id/index.php/jjkn/article/view/180#sidebar
https://jurnal-jkn.bpjs-kesehatan.go.id/index.php/jjkn/article/view/180/106
https://jurnal-jkn.bpjs-kesehatan.go.id/index.php/jjkn/article/view/182
https://jurnal-jkn.bpjs-kesehatan.go.id/index.php/jjkn/article/view/182#main-content
https://jurnal-jkn.bpjs-kesehatan.go.id/index.php/jjkn/article/view/182#main-navigation
https://jurnal-jkn.bpjs-kesehatan.go.id/index.php/jjkn/article/view/182#sidebar
https://jurnal-jkn.bpjs-kesehatan.go.id/index.php/jjkn/article/view/182/102
https://jurnal-jkn.bpjs-kesehatan.go.id/index.php/jjkn/article/view/186
https://jurnal-jkn.bpjs-kesehatan.go.id/index.php/jjkn/article/view/186#main-content
https://jurnal-jkn.bpjs-kesehatan.go.id/index.php/jjkn/article/view/186#main-navigation
https://jurnal-jkn.bpjs-kesehatan.go.id/index.php/jjkn/article/view/186#sidebar
https://jurnal-jkn.bpjs-kesehatan.go.id/index.php/jjkn/article/view/186/104
https://jurnal-jkn.bpjs-kesehatan.go.id/index.php/jjkn/article/view/188
https://jurnal-jkn.bpjs-kesehatan.go.id/index.php/jjkn/article/view/188#main-content
https://jurnal-jkn.bpjs-kesehatan.go.id/index.php/jjkn/article/view/188#main-navigation
https://jurnal-jkn.bpjs-kesehatan.go.id/index.php/jjkn/article/view/188#sidebar
https://jurnal-jkn.bpjs-kesehatan.go.id/index.php/jjkn/article/view/188/105
https://jurnal-jkn.bpjs-kesehatan.go.id/index.php/jjkn/article/view/190
https://jurnal-jkn.bpjs-kesehatan.go.id/index.php/jjkn/article/view/190#main-content
https://jurnal-jkn.bpjs-kesehatan.go.id/index.php/jjkn/article/view/190#main-navigation
https://jurnal-jkn.bpjs-kesehatan.go.id/index.php/jjkn/article/view/190#sidebar
https://jurnal-jkn.bpjs-kesehatan.go.id/index.php/jjkn/article/view/190/103
https://jurnal-jkn.bpjs-kesehatan.go.id/index.php/jjkn/article/view/192
https://jurnal-jkn.bpjs-kesehatan.go.id/index.php/jjkn/article/view/192#main-content
https://jurnal-jkn.bpjs-kesehatan.go.id/index.php/jjkn/article/view/192#main-navigation
https://jurnal-jkn.bpjs-kesehatan.go.id/index.php/jjkn/article/view/192#sidebar
https://jurnal-jkn.bpjs-kesehatan.go.id/index.php/jjkn/article/view/192/107
https://jurnal-jkn.bpjs-kesehatan.go.id/index.php/jjkn/article/view/197
https://jurnal-jkn.bpjs-kesehatan.go.id/index.php/jjkn/article/view/197#main-content
https://jurnal-jkn.bpjs-kesehatan.go.id/index.php/jjkn/article/view/197#main-navigation
https://jurnal-jkn.bpjs-kesehatan.go.id/index.php/jjkn/article/view/197#sidebar
https://jurnal-jkn.bpjs-kesehatan.go.id/index.php/jjkn/article/view/197/116
https://jurnal-jkn.bpjs-kesehatan.go.id/index.php/jjkn/article/view/199
https://jurnal-jkn.bpjs-kesehatan.go.id/index.php/jjkn/article/view/199#main-content
https://jurnal-jkn.bpjs-kesehatan.go.id/index.php/jjkn/article/view/199#main-navigation
https://jurnal-jkn.bpjs-kesehatan.go.id/index.php/jjkn/article/view/199#sidebar
https://jurnal-jkn.bpjs-kesehatan.go.id/index.php/jjkn/article/view/199/110
https://jurnal-jkn.bpjs-kesehatan.go.id/index.php/jjkn/article/view/206
https://jurnal-jkn.bpjs-kesehatan.go.id/index.php/jjkn/article/view/206#main-content
https://jurnal-jkn.bpjs-kesehatan.go.id/index.php/jjkn/article/view/206#main-navigation
https://jurnal-jkn.bpjs-kesehatan.go.id/index.php/jjkn/article/view/206#sidebar
https://jurnal-jkn.bpjs-kesehatan.go.id/index.php/jjkn/article/view/206/111
https://jurnal-jkn.bpjs-kesehatan.go.id/index.php/jjkn/article/view/207
https://jurnal-jkn.bpjs-kesehatan.go.id/index.php/jjkn/article/view/207#main-content
https://jurnal-jkn.bpjs-kesehatan.go.id/index.php/jjkn/article/view/207#main-navigation
https://jurnal-jkn.bpjs-kesehatan.go.id/index.php/jjkn/article/view/207#sidebar
https://jurnal-jkn.bpjs-kesehatan.go.id/index.php/jjkn/article/view/207/121
https://jurnal-jkn.bpjs-kesehatan.go.id/index.php/jjkn/article/view/210
https://jurnal-jkn.bpjs-kesehatan.go.id/index.php/jjkn/article/view/210#main-content
https://jurnal-jkn.bpjs-kesehatan.go.id/index.php/jjkn/article/view/210#main-navigation
https://jurnal-jkn.bpjs-kesehatan.go.id/index.php/jjkn/article/view/210#sidebar
https://jurnal-jkn.bpjs-kesehatan.go.id/index.php/jjkn/article/view/210/120
https://jurnal-jkn.bpjs-kesehatan.go.id/index.php/jjkn/article/view/217
https://jurnal-jkn.bpjs-kesehatan.go.id/index.php/jjkn/article/view/217#main-content
https://jurnal-jkn.bpjs-kesehatan.go.id/index.php/jjkn/article/view/217#main-navigation
https://jurnal-jkn.bpjs-kesehatan.go.id/index.php/jjkn/article/view/217#sidebar
https://jurnal-jkn.bpjs-kesehatan.go.id/index.php/jjkn/article/view/217/112
https://jurnal-jkn.bpjs-kesehatan.go.id/index.php/jjkn/article/view/227
https://jurnal-jkn.bpjs-kesehatan.go.id/index.php/jjkn/article/view/227#main-content
https://jurnal-jkn.bpjs-kesehatan.go.id/index.php/jjkn/article/view/227#main-navigation
https://jurnal-jkn.bpjs-kesehatan.go.id/index.php/jjkn/article/view/227#sidebar
https://jurnal-jkn.bpjs-kesehatan.go.id/index.php/jjkn/article/view/227/117
https://jurnal-jkn.bpjs-kesehatan.go.id/index.php/jjkn/article/view/245
https://jurnal-jkn.bpjs-kesehatan.go.id/index.php/jjkn/article/view/245#main-content
https://jurnal-jkn.bpjs-kesehatan.go.id/index.php/jjkn/article/view/245#main-navigation
https://jurnal-jkn.bpjs-kesehatan.go.id/index.php/jjkn/article/view/245#sidebar
https://jurnal-jkn.bpjs-kesehatan.go.id/index.php/jjkn/article/view/245/113
https://jurnal-jkn.bpjs-kesehatan.go.id/index.php/jjkn/article/view/251
https://jurnal-jkn.bpjs-kesehatan.go.id/index.php/jjkn/article/view/251#main-content
https://jurnal-jkn.bpjs-kesehatan.go.id/index.php/jjkn/article/view/251#main-navigation
https://jurnal-jkn.bpjs-kesehatan.go.id/index.php/jjkn/article/view/251#sidebar
https://jurnal-jkn.bpjs-kesehatan.go.id/index.php/jjkn/article/view/251/122
https://jurnal-jkn.bpjs-kesehatan.go.id/index.php/jjkn/article/view/258
https://jurnal-jkn.bpjs-kesehatan.go.id/index.php/jjkn/article/view/258#main-content
https://jurnal-jkn.bpjs-kesehatan.go.id/index.php/jjkn/article/view/258#main-navigation
https://jurnal-jkn.bpjs-kesehatan.go.id/index.php/jjkn/article/view/258#sidebar
https://jurnal-jkn.bpjs-kesehatan.go.id/index.php/jjkn/article/view/258/114
https://jurnal-jkn.bpjs-kesehatan.go.id/index.php/jjkn/article/view/269
https://jurnal-jkn.bpjs-kesehatan.go.id/index.php/jjkn/article/view/269#main-content
https://jurnal-jkn.bpjs-kesehatan.go.id/index.php/jjkn/article/view/269#main-navigation
https://jurnal-jkn.bpjs-kesehatan.go.id/index.php/jjkn/article/view/269#sidebar
https://jurnal-jkn.bpjs-kesehatan.go.id/index.php/jjkn/article/view/269/115
https://jurnal-jkn.bpjs-kesehatan.go.id/index.php/jjkn/article/view/278
https://jurnal-jkn.bpjs-kesehatan.go.id/index.php/jjkn/article/view/278#main-content
https://jurnal-jkn.bpjs-kesehatan.go.id/index.php/jjkn/article/view/278#main-navigation
https://jurnal-jkn.bpjs-kesehatan.go.id/index.php/jjkn/article/view/278#sidebar
https://jurnal-jkn.bpjs-kesehatan.go.id/index.php/jjkn/article/view/278/108
https://jurnal-jkn.bpjs-kesehatan.go.id/index.php/jjkn/article/view/279
https://jurnal-jkn.bpjs-kesehatan.go.id/index.php/jjkn/article/view/279#main-content
https://jurnal-jkn.bpjs-kesehatan.go.id/index.php/jjkn/article/view/279#main-navigation
https://jurnal-jkn.bpjs-kesehatan.go.id/index.php/jjkn/article/view/279#sidebar
https://jurnal-jkn.bpjs-kesehatan.go.id/index.php/jjkn/article/view/279/119
https://jurnal-jkn.bpjs-kesehatan.go.id/index.php/jjkn/article/view/286
https://jurnal-jkn.bpjs-kesehatan.go.id/index.php/jjkn/article/view/286#main-content
https://jurnal-jkn.bpjs-kesehatan.go.id/index.php/jjkn/article/view/286#main-navigation
https://jurnal-jkn.bpjs-kesehatan.go.id/index.php/jjkn/article/view/286#sidebar
https://jurnal-jkn.bpjs-kesehatan.go.id/index.php/jjkn/article/view/286/118
https://jurnal-jkn.bpjs-kesehatan.go.id/index.php/jjkn/article/view/33
https://jurnal-jkn.bpjs-kesehatan.go.id/index.php/jjkn/article/view/33/15
https://jurnal-jkn.bpjs-kesehatan.go.id/index.php/jjkn/article/view/34
https://jurnal-jkn.bpjs-kesehatan.go.id/index.php/jjkn/article/view/34/16
https://jurnal-jkn.bpjs-kesehatan.go.id/index.php/jjkn/article/view/35
https://jurnal-jkn.bpjs-kesehatan.go.id/index.php/jjkn/article/view/35/18
https://jurnal-jkn.bpjs-kesehatan.go.id/index.php/jjkn/article/view/37
https://jurnal-jkn.bpjs-kesehatan.go.id/index.php/jjkn/article/view/37/13
https://jurnal-jkn.bpjs-kesehatan.go.id/index.php/jjkn/article/view/39
https://jurnal-jkn.bpjs-kesehatan.go.id/index.php/jjkn/article/view/39#main-content
https://jurnal-jkn.bpjs-kesehatan.go.id/index.php/jjkn/article/view/39#main-navigation
https://jurnal-jkn.bpjs-kesehatan.go.id/index.php/jjkn/article/view/39#sidebar
https://jurnal-jkn.bpjs-kesehatan.go.id/index.php/jjkn/article/view/39/19
https://jurnal-jkn.bpjs-kesehatan.go.id/index.php/jjkn/article/view/43
https://jurnal-jkn.bpjs-kesehatan.go.id/index.php/jjkn/article/view/43/14
https://jurnal-jkn.bpjs-kesehatan.go.id/index.php/jjkn/article/view/47
https://jurnal-jkn.bpjs-kesehatan.go.id/index.php/jjkn/article/view/47/21
https://jurnal-jkn.bpjs-kesehatan.go.id/index.php/jjkn/article/view/52
https://jurnal-jkn.bpjs-kesehatan.go.id/index.php/jjkn/article/view/58
https://jurnal-jkn.bpjs-kesehatan.go.id/index.php/jjkn/article/view/58/43
https://jurnal-jkn.bpjs-kesehatan.go.id/index.php/jjkn/article/view/59
https://jurnal-jkn.bpjs-kesehatan.go.id/index.php/jjkn/article/view/59/50
https://jurnal-jkn.bpjs-kesehatan.go.id/index.php/jjkn/article/view/75
https://jurnal-jkn.bpjs-kesehatan.go.id/index.php/jjkn/article/view/75/36
https://jurnal-jkn.bpjs-kesehatan.go.id/index.php/jjkn/article/view/78
https://jurnal-jkn.bpjs-kesehatan.go.id/index.php/jjkn/article/view/78/44
https://jurnal-jkn.bpjs-kesehatan.go.id/index.php/jjkn/article/view/89
https://jurnal-jkn.bpjs-kesehatan.go.id/index.php/jjkn/article/view/89#main-content
https://jurnal-jkn.bpjs-kesehatan.go.id/index.php/jjkn/article/view/89#main-navigation
https://jurnal-jkn.bpjs-kesehatan.go.id/index.php/jjkn/article/view/89#sidebar
https://jurnal-jkn.bpjs-kesehatan.go.id/index.php/jjkn/article/view/89/49
https://jurnal-jkn.bpjs-kesehatan.go.id/index.php/jjkn/ceos
https://jurnal-jkn.bpjs-kesehatan.go.id/index.php/jjkn/ceos#main-content
https://jurnal-jkn.bpjs-kesehatan.go.id/index.php/jjkn/ceos#main-navigation
https://jurnal-jkn.bpjs-kesehatan.go.id/index.php/jjkn/ceos#sidebar
https://jurnal-jkn.bpjs-kesehatan.go.id/index.php/jjkn/citationstylelanguage/download/bibtex
https://jurnal-jkn.bpjs-kesehatan.go.id/index.php/jjkn/citationstylelanguage/download/ris
https://jurnal-jkn.bpjs-kesehatan.go.id/index.php/jjkn/citationstylelanguage/get/acm-sig-proceedings
https://jurnal-jkn.bpjs-kesehatan.go.id/index.php/jjkn/citationstylelanguage/get/acs-nano
https://jurnal-jkn.bpjs-kesehatan.go.id/index.php/jjkn/citationstylelanguage/get/apa
https://jurnal-jkn.bpjs-kesehatan.go.id/index.php/jjkn/citationstylelanguage/get/associacao-brasileira-de-normas-tecnicas
https://jurnal-jkn.bpjs-kesehatan.go.id/index.php/jjkn/citationstylelanguage/get/chicago-author-date
https://jurnal-jkn.bpjs-kesehatan.go.id/index.php/jjkn/citationstylelanguage/get/harvard-cite-them-right
https://jurnal-jkn.bpjs-kesehatan.go.id/index.php/jjkn/citationstylelanguage/get/ieee
https://jurnal-jkn.bpjs-kesehatan.go.id/index.php/jjkn/citationstylelanguage/get/modern-language-association
https://jurnal-jkn.bpjs-kesehatan.go.id/index.php/jjkn/citationstylelanguage/get/turabian-fullnote-bibliography
https://jurnal-jkn.bpjs-kesehatan.go.id/index.php/jjkn/citationstylelanguage/get/vancouver
https://jurnal-jkn.bpjs-kesehatan.go.id/index.php/jjkn/copyright
https://jurnal-jkn.bpjs-kesehatan.go.id/index.php/jjkn/copyright#main-content
https://jurnal-jkn.bpjs-kesehatan.go.id/index.php/jjkn/copyright#main-navigation
https://jurnal-jkn.bpjs-kesehatan.go.id/index.php/jjkn/copyright#sidebar
https://jurnal-jkn.bpjs-kesehatan.go.id/index.php/jjkn/fees
https://jurnal-jkn.bpjs-kesehatan.go.id/index.php/jjkn/fees#main-content
https://jurnal-jkn.bpjs-kesehatan.go.id/index.php/jjkn/fees#main-navigation
https://jurnal-jkn.bpjs-kesehatan.go.id/index.php/jjkn/fees#sidebar
https://jurnal-jkn.bpjs-kesehatan.go.id/index.php/jjkn/focusandscope
https://jurnal-jkn.bpjs-kesehatan.go.id/index.php/jjkn/focusandscope#main-content
https://jurnal-jkn.bpjs-kesehatan.go.id/index.php/jjkn/focusandscope#main-navigation
https://jurnal-jkn.bpjs-kesehatan.go.id/index.php/jjkn/focusandscope#sidebar
https://jurnal-jkn.bpjs-kesehatan.go.id/index.php/jjkn/gateway/plugin/WebFeedGatewayPlugin/atom
https://jurnal-jkn.bpjs-kesehatan.go.id/index.php/jjkn/gateway/plugin/WebFeedGatewayPlugin/rss
https://jurnal-jkn.bpjs-kesehatan.go.id/index.php/jjkn/gateway/plugin/WebFeedGatewayPlugin/rss2
https://jurnal-jkn.bpjs-kesehatan.go.id/index.php/jjkn/genai
https://jurnal-jkn.bpjs-kesehatan.go.id/index.php/jjkn/genai#main-content
https://jurnal-jkn.bpjs-kesehatan.go.id/index.php/jjkn/genai#main-navigation
https://jurnal-jkn.bpjs-kesehatan.go.id/index.php/jjkn/genai#sidebar
https://jurnal-jkn.bpjs-kesehatan.go.id/index.php/jjkn/guidlines
https://jurnal-jkn.bpjs-kesehatan.go.id/index.php/jjkn/guidlines#main-content
https://jurnal-jkn.bpjs-kesehatan.go.id/index.php/jjkn/guidlines#main-navigation
https://jurnal-jkn.bpjs-kesehatan.go.id/index.php/jjkn/guidlines#sidebar
https://jurnal-jkn.bpjs-kesehatan.go.id/index.php/jjkn/history
https://jurnal-jkn.bpjs-kesehatan.go.id/index.php/jjkn/history#main-content
https://jurnal-jkn.bpjs-kesehatan.go.id/index.php/jjkn/history#main-navigation
https://jurnal-jkn.bpjs-kesehatan.go.id/index.php/jjkn/history#sidebar
https://jurnal-jkn.bpjs-kesehatan.go.id/index.php/jjkn/imprint
https://jurnal-jkn.bpjs-kesehatan.go.id/index.php/jjkn/imprint#main-content
https://jurnal-jkn.bpjs-kesehatan.go.id/index.php/jjkn/imprint#main-navigation
https://jurnal-jkn.bpjs-kesehatan.go.id/index.php/jjkn/imprint#sidebar
https://jurnal-jkn.bpjs-kesehatan.go.id/index.php/jjkn/index
https://jurnal-jkn.bpjs-kesehatan.go.id/index.php/jjkn/index#current_issue
https://jurnal-jkn.bpjs-kesehatan.go.id/index.php/jjkn/index#main-content
https://jurnal-jkn.bpjs-kesehatan.go.id/index.php/jjkn/index#main-navigation
https://jurnal-jkn.bpjs-kesehatan.go.id/index.php/jjkn/index#previous_issue
https://jurnal-jkn.bpjs-kesehatan.go.id/index.php/jjkn/index#sidebar
https://jurnal-jkn.bpjs-kesehatan.go.id/index.php/jjkn/indexing
https://jurnal-jkn.bpjs-kesehatan.go.id/index.php/jjkn/indexing#main-content
https://jurnal-jkn.bpjs-kesehatan.go.id/index.php/jjkn/indexing#main-navigation
https://jurnal-jkn.bpjs-kesehatan.go.id/index.php/jjkn/indexing#sidebar
https://jurnal-jkn.bpjs-kesehatan.go.id/index.php/jjkn/issue/archive
https://jurnal-jkn.bpjs-kesehatan.go.id/index.php/jjkn/issue/archive#main-content
https://jurnal-jkn.bpjs-kesehatan.go.id/index.php/jjkn/issue/archive#main-navigation
https://jurnal-jkn.bpjs-kesehatan.go.id/index.php/jjkn/issue/archive#sidebar
https://jurnal-jkn.bpjs-kesehatan.go.id/index.php/jjkn/issue/current
https://jurnal-jkn.bpjs-kesehatan.go.id/index.php/jjkn/issue/current#main-content
https://jurnal-jkn.bpjs-kesehatan.go.id/index.php/jjkn/issue/current#main-navigation
https://jurnal-jkn.bpjs-kesehatan.go.id/index.php/jjkn/issue/current#sidebar
https://jurnal-jkn.bpjs-kesehatan.go.id/index.php/jjkn/issue/view/1
https://jurnal-jkn.bpjs-kesehatan.go.id/index.php/jjkn/issue/view/2
https://jurnal-jkn.bpjs-kesehatan.go.id/index.php/jjkn/issue/view/2#main-content
https://jurnal-jkn.bpjs-kesehatan.go.id/index.php/jjkn/issue/view/2#main-navigation
https://jurnal-jkn.bpjs-kesehatan.go.id/index.php/jjkn/issue/view/2#sidebar
https://jurnal-jkn.bpjs-kesehatan.go.id/index.php/jjkn/issue/view/3
https://jurnal-jkn.bpjs-kesehatan.go.id/index.php/jjkn/issue/view/4
https://jurnal-jkn.bpjs-kesehatan.go.id/index.php/jjkn/issue/view/4#main-content
https://jurnal-jkn.bpjs-kesehatan.go.id/index.php/jjkn/issue/view/4#main-navigation
https://jurnal-jkn.bpjs-kesehatan.go.id/index.php/jjkn/issue/view/4#sidebar
https://jurnal-jkn.bpjs-kesehatan.go.id/index.php/jjkn/issue/view/5
https://jurnal-jkn.bpjs-kesehatan.go.id/index.php/jjkn/issue/view/6
https://jurnal-jkn.bpjs-kesehatan.go.id/index.php/jjkn/issue/view/7
https://jurnal-jkn.bpjs-kesehatan.go.id/index.php/jjkn/issue/view/7#main-content
https://jurnal-jkn.bpjs-kesehatan.go.id/index.php/jjkn/issue/view/7#main-navigation
https://jurnal-jkn.bpjs-kesehatan.go.id/index.php/jjkn/issue/view/7#sidebar
https://jurnal-jkn.bpjs-kesehatan.go.id/index.php/jjkn/issue/view/8
https://jurnal-jkn.bpjs-kesehatan.go.id/index.php/jjkn/issue/view/8#main-navigation
https://jurnal-jkn.bpjs-kesehatan.go.id/index.php/jjkn/libraryFiles/downloadPublic/4
https://jurnal-jkn.bpjs-kesehatan.go.id/index.php/jjkn/libraryFiles/downloadPublic/4#main-content
https://jurnal-jkn.bpjs-kesehatan.go.id/index.php/jjkn/libraryFiles/downloadPublic/4#main-navigation
https://jurnal-jkn.bpjs-kesehatan.go.id/index.php/jjkn/libraryFiles/downloadPublic/4#sidebar
https://jurnal-jkn.bpjs-kesehatan.go.id/index.php/jjkn/login
https://jurnal-jkn.bpjs-kesehatan.go.id/index.php/jjkn/login#main-content
https://jurnal-jkn.bpjs-kesehatan.go.id/index.php/jjkn/login#main-navigation
https://jurnal-jkn.bpjs-kesehatan.go.id/index.php/jjkn/login#sidebar
https://jurnal-jkn.bpjs-kesehatan.go.id/index.php/jjkn/login/lostPassword
https://jurnal-jkn.bpjs-kesehatan.go.id/index.php/jjkn/marketing
https://jurnal-jkn.bpjs-kesehatan.go.id/index.php/jjkn/marketing#main-content
https://jurnal-jkn.bpjs-kesehatan.go.id/index.php/jjkn/marketing#main-navigation
https://jurnal-jkn.bpjs-kesehatan.go.id/index.php/jjkn/marketing#sidebar
https://jurnal-jkn.bpjs-kesehatan.go.id/index.php/jjkn/oapolicy
https://jurnal-jkn.bpjs-kesehatan.go.id/index.php/jjkn/oapolicy#main-content
https://jurnal-jkn.bpjs-kesehatan.go.id/index.php/jjkn/oapolicy#main-navigation
https://jurnal-jkn.bpjs-kesehatan.go.id/index.php/jjkn/oapolicy#sidebar
https://jurnal-jkn.bpjs-kesehatan.go.id/index.php/jjkn/peerreview
https://jurnal-jkn.bpjs-kesehatan.go.id/index.php/jjkn/peerreview#main-content
https://jurnal-jkn.bpjs-kesehatan.go.id/index.php/jjkn/peerreview#main-navigation
https://jurnal-jkn.bpjs-kesehatan.go.id/index.php/jjkn/peerreview#sidebar
https://jurnal-jkn.bpjs-kesehatan.go.id/index.php/jjkn/plagiarism
https://jurnal-jkn.bpjs-kesehatan.go.id/index.php/jjkn/plagiarism#main-content
https://jurnal-jkn.bpjs-kesehatan.go.id/index.php/jjkn/plagiarism#main-navigation
https://jurnal-jkn.bpjs-kesehatan.go.id/index.php/jjkn/plagiarism#sidebar
https://jurnal-jkn.bpjs-kesehatan.go.id/index.php/jjkn/privacy
https://jurnal-jkn.bpjs-kesehatan.go.id/index.php/jjkn/privacy#main-content
https://jurnal-jkn.bpjs-kesehatan.go.id/index.php/jjkn/privacy#main-navigation
https://jurnal-jkn.bpjs-kesehatan.go.id/index.php/jjkn/privacy#sidebar
https://jurnal-jkn.bpjs-kesehatan.go.id/index.php/jjkn/reviewers
https://jurnal-jkn.bpjs-kesehatan.go.id/index.php/jjkn/reviewers#main-content
https://jurnal-jkn.bpjs-kesehatan.go.id/index.php/jjkn/reviewers#main-navigation
https://jurnal-jkn.bpjs-kesehatan.go.id/index.php/jjkn/reviewers#sidebar
https://jurnal-jkn.bpjs-kesehatan.go.id/index.php/jjkn/rwc
https://jurnal-jkn.bpjs-kesehatan.go.id/index.php/jjkn/rwc#main-content
https://jurnal-jkn.bpjs-kesehatan.go.id/index.php/jjkn/rwc#main-navigation
https://jurnal-jkn.bpjs-kesehatan.go.id/index.php/jjkn/rwc#sidebar
https://jurnal-jkn.bpjs-kesehatan.go.id/index.php/jjkn/search/search
https://jurnal-jkn.bpjs-kesehatan.go.id/index.php/jjkn/search/search#main-content
https://jurnal-jkn.bpjs-kesehatan.go.id/index.php/jjkn/search/search#main-navigation
https://jurnal-jkn.bpjs-kesehatan.go.id/index.php/jjkn/search/search#sidebar
https://jurnal-jkn.bpjs-kesehatan.go.id/index.php/jjkn/user/register
https://jurnal-jkn.bpjs-kesehatan.go.id/index.php/jjkn/user/register#main-content
https://jurnal-jkn.bpjs-kesehatan.go.id/index.php/jjkn/user/register#main-navigation
https://jurnal-jkn.bpjs-kesehatan.go.id/index.php/jjkn/user/register#sidebar
https://jurnal-jkn.bpjs-kesehatan.go.id/web
https://jurnal-jkn.bpjs-kesehatan.go.id/web/site/beranda
https://jurnal-jkn.bpjs-kesehatan.go.id/web/site/login
https://jurnal-jkn.bpjs-kesehatan.go.id/web/sitepengaduan/buatpengaduan
https://jurnal-jkn.bpjs-kesehatan.go.id/web/sitepengaduan/buatpengaduananonim
https://jurnal-jkn.bpjs-kesehatan.go.id/web/sitepengaduan/monitoringpengaduan
https://jurnal-jkn.bpjs-kesehatan.go.id/web/sitepengaduan/monitoringpengaduananonim
https://new-edabu.bpjs-kesehatan.go.id/Default.aspx
https://new-edabu.bpjs-kesehatan.go.id/registrasibadanusaha
https://registrasi.bpjs-kesehatan.go.id/registrasi/Login/lupa_password
https://rekrutmen.bpjs-kesehatan.go.id
https://rekrutmen.bpjs-kesehatan.go.id/.navbar-collapse
https://rekrutmen.bpjs-kesehatan.go.id/index.html
https://rekrutmen.bpjs-kesehatan.go.id/karir
https://sipp.bpjs-kesehatan.go.id#/home/dashboard
https://sipp.bpjs-kesehatan.go.id#/home/faq
https://sipp.bpjs-kesehatan.go.id/
https://sipp.bpjs-kesehatan.go.id/#/home/dashboard
https://sipp.bpjs-kesehatan.go.id/#/home/faq
https://sipp.bpjs-kesehatan.go.id/sipp#/home/dashboard
https://wbs.bpjs-kesehatan.go.id
https://wbs.bpjs-kesehatan.go.id#myCarousel
https://wbs.bpjs-kesehatan.go.id/#myCarousel
https://wbs.bpjs-kesehatan.go.id/web
https://wbs.bpjs-kesehatan.go.id/web#myCarousel
https://wbs.bpjs-kesehatan.go.id/web/site/beranda
https://wbs.bpjs-kesehatan.go.id/web/site/beranda#myCarousel
https://wbs.bpjs-kesehatan.go.id/web/site/login
https://wbs.bpjs-kesehatan.go.id/web/site/lupapassword
https://wbs.bpjs-kesehatan.go.id/web/site/registrasi
https://wbs.bpjs-kesehatan.go.id/web/sitepengaduan/buatpengaduan
https://wbs.bpjs-kesehatan.go.id/web/sitepengaduan/buatpengaduananonim
https://wbs.bpjs-kesehatan.go.id/web/sitepengaduan/monitoringpengaduan
https://wbs.bpjs-kesehatan.go.id/web/sitepengaduan/monitoringpengaduananonim
https://webskrining.bpjs-kesehatan.go.id/skrining/index.html
